<?xml version="1.0" encoding="UTF-8"?>
<testsuite xmlns:xsi="http://www.w3.org/2001/XMLSchema-instance" xsi:noNamespaceSchemaLocation="https://maven.apache.org/surefire/maven-surefire-plugin/xsd/surefire-test-report.xsd" name="com.controller.ShangpinOrderControllerTest" time="1.277" tests="28" errors="0" skipped="0" failures="0">
  <properties>
[...]
</properties>
  <testcase name="order_success" classname="com.controller.ShangpinOrderControllerTest$OrderTests" time="1.098"/>
  <testcase name="order_insufficient_stock" classname="com.controller.ShangpinOrderControllerTest$OrderTests" time="0.008"/>
  <testcase name="order_rejects_points_payment" classname="com.controller.ShangpinOrderControllerTest$OrderTests" time="0.009"/>
  <testcase name="commentback_from_delivered_rejected" classname="com.controller.ShangpinOrderControllerTest$StatusTransitionTests" time="0.002"/>
  <testcase name="commentback_from_reviewed_rejected" classname="com.controller.ShangpinOrderControllerTest$StatusTransitionTests" time="0.017"/>
  <testcase name="receiving_from_refunded_rejected" classname="com.controller.ShangpinOrderControllerTest$StatusTransitionTests" time="0"/>
  <testcase name="commentback_from_paid_rejected" classname="com.controller.ShangpinOrderControllerTest$StatusTransitionTests" time="0"/>
  <testcase name="receiving_from_delivered_success" classname="com.controller.ShangpinOrderControllerTest$StatusTransitionTests" time="0.001"/>
  <testcase name="deliver_from_refunded_rejected" classname="com.controller.ShangpinOrderControllerTest$StatusTransitionTests" time="0.004"/>
  <testcase name="receiving_from_paid_rejected" classname="com.controller.ShangpinOrderControllerTest$StatusTransitionTests" time="0.002"/>
  <testcase name="commentback_from_received_success" classname="com.controller.ShangpinOrderControllerTest$StatusTransitionTests" time="0.004"/>
  <testcase name="deliver_from_delivered_rejected" classname="com.controller.ShangpinOrderControllerTest$StatusTransitionTests" time="0.001"/>
  <testcase name="commentback_from_refunded_rejected" classname="com.controller.ShangpinOrderControllerTest$StatusTransitionTests" time="0.007"/>
  <testcase name="deliver_from_paid_success" classname="com.controller.ShangpinOrderControllerTest$StatusTransitionTests" time="0.005"/>
  <testcase name="refund_success" classname="com.controller.ShangpinOrderControllerTest$RefundTests" time="0.004"/>
  <testcase name="refund_rejects_insufficient_merchant_balance" classname="com.controller.ShangpinOrderControllerTest$RefundTests" time="0.006"/>
  <testcase name="refund_rejects_reviewed_order" classname="com.controller.ShangpinOrderControllerTest$RefundTests" time="0.002"/>
  <testcase name="refund_rejects_points_payment" classname="com.controller.ShangpinOrderControllerTest$RefundTests" time="0.005"/>
  <testcase name="refund_rejects_already_refunded" classname="com.controller.ShangpinOrderControllerTest$RefundTests" time="0.001"/>
  <testcase name="refund_rejects_received_order" classname="com.controller.ShangpinOrderControllerTest$RefundTests" time="0.004"/>
  <testcase name="refund_rejects_delivered_order" classname="com.controller.ShangpinOrderControllerTest$RefundTests" time="0.01"/>
  <testcase name="add_rejects_points_payment" classname="com.controller.ShangpinOrderControllerTest$AddTests" time="0"/>
  <testcase name="add_success" classname="com.controller.ShangpinOrderControllerTest$AddTests" time="0.006"/>
  <testcase name="add_atomic_kucun_deduction_fails" classname="com.controller.ShangpinOrderControllerTest$AddTests" time="0.012"/>
  <testcase name="add_insufficient_stock" classname="com.controller.ShangpinOrderControllerTest$AddTests" time="0"/>
  <testcase name="add_insufficient_balance" classname="com.controller.ShangpinOrderControllerTest$AddTests" time="0"/>
  <testcase name="add_concurrent_only_one_succeeds" classname="com.controller.ShangpinOrderControllerTest$AddTests" time="0.022"/>
  <testcase name="add_zero_buy_number" classname="com.controller.ShangpinOrderControllerTest$AddTests" time="0.014"/>
</testsuite>